2025-03-14 10:07:47,091 - __main__ - INFO - Directory setup completed
2025-03-14 10:07:47,385 - numexpr.utils - INFO - NumExpr defaulting to 8 threads.
2025-03-14 10:07:52,471 - src.model_training.time_series_models - INFO - Initialized TimeSeriesModels with models directory: models
2025-03-14 10:07:52,472 - __main__ - INFO - Training models for commodities: ['Gold']
2025-03-14 10:07:52,472 - __main__ - INFO - Processing Gold
2025-03-14 10:07:52,487 - src.model_training.time_series_models - INFO - Training ARIMA model for Gold
2025-03-14 10:07:52,487 - src.model_training.time_series_models - INFO - Automatically determining ARIMA order
2025-03-14 10:07:52,487 - src.model_training.time_series_models - ERROR - Error training ARIMA model for Gold: '<' not supported between instances of 'NoneType' and 'int'
2025-03-14 10:07:52,487 - src.model_training.time_series_models - INFO - Training Prophet model for Gold
2025-03-14 10:07:52,942 - cmdstanpy - DEBUG - input tempfile: /var/folders/82/66sdqfq16873zyy5qw9gzpnh0000gn/T/tmp_isv03wq/1c4a3vy9.json
2025-03-14 10:07:52,975 - cmdstanpy - DEBUG - input tempfile: /var/folders/82/66sdqfq16873zyy5qw9gzpnh0000gn/T/tmp_isv03wq/qqcfpc9g.json
2025-03-14 10:07:52,976 - cmdstanpy - DEBUG - idx 0
2025-03-14 10:07:52,976 - cmdstanpy - DEBUG - running CmdStan, num_threads: None
2025-03-14 10:07:52,976 - cmdstanpy - DEBUG - CmdStan args: ['/Users/danielharrod/anaconda3/envs/antimo/lib/python3.11/site-packages/prophet/stan_model/prophet_model.bin', 'random', 'seed=37365', 'data', 'file=/var/folders/82/66sdqfq16873zyy5qw9gzpnh0000gn/T/tmp_isv03wq/1c4a3vy9.json', 'init=/var/folders/82/66sdqfq16873zyy5qw9gzpnh0000gn/T/tmp_isv03wq/qqcfpc9g.json', 'output', 'file=/var/folders/82/66sdqfq16873zyy5qw9gzpnh0000gn/T/tmp_isv03wq/prophet_modell92i1buo/prophet_model-20250314100752.csv', 'method=optimize', 'algorithm=lbfgs', 'iter=10000']
2025-03-14 10:07:52,976 - cmdstanpy - INFO - Chain [1] start processing
2025-03-14 10:07:53,746 - cmdstanpy - INFO - Chain [1] done processing
2025-03-14 10:07:54,511 - src.model_training.time_series_models - INFO - Prophet model for Gold trained successfully. RMSE: 445.6853, MAPE: 15.25%
2025-03-14 10:07:54,511 - src.model_training.time_series_models - INFO - Training LSTM model for Gold
2025-03-14 10:08:42,770 - src.model_training.time_series_models - INFO - LSTM model for Gold trained successfully. RMSE: 42.4190, MAPE: 1.38%
2025-03-14 10:08:42,770 - __main__ - INFO - Completed training models for Gold
2025-03-14 10:08:42,770 - __main__ - INFO - Model training completed successfully
